Monto recuadado cada destino:
Iguazu - $284,35
Bariloche - $181,5
Santa Rosa - $0
Corrientes - $0
Cordoba - $0
Jujuy - $0
Mendonza - $0
Neuquen - $0
Posadas - $0
Salta - $0
Santiago Del Estero - $0
Trelew - $0
Tucuman - $0
Puerto Madryn - $0
Ushuaia - $0
Buenos Aires - $0
Recife - $0
Roma - $0
Acapulco - $0
Miami - $0
Vuelos realizados: 

Partida: Corrientes
Destino: Iguazu
Fecha salida: 30/5/2023 21:25:53
Fecha llegada: 30/5/2023 23:25:53
Avion: JTW-2
Asientos premium: 0
Asientos turista: 0
Costo premium 135
Costo turista 100

Partida: Buenos Aires
Destino: Bariloche
Fecha salida: 30/5/2023 21:35:49
Fecha llegada: 31/5/2023 00:35:49
Avion: HFSA
Asientos premium: 6
Asientos turista: 23
Costo premium 202,5
Costo turista 150


Monto total: $465,85

Destino favorito: Iguazu
