2023-05-26 10:28:06 - Nombre: Corey
Apellido: Gorgen
Legajo: 1
Correo: cgorgen@vendedor.com
Clave: 123abc45
Perfil: vendedor
2023-05-26 10:30:35 - Nombre: Corey
Apellido: Gorgen
Legajo: 1
Correo: cgorgen@vendedor.com
Clave: 123abc45
Perfil: vendedor
2023-05-26 10:31:46 - Nombre: Corey
Apellido: Gorgen
Legajo: 1
Correo: cgorgen@vendedor.com
Clave: 123abc45
Perfil: vendedor
2023-05-26 10:33:53 - Nombre: Corey
Apellido: Gorgen
Legajo: 1
Correo: cgorgen@vendedor.com
Clave: 123abc45
Perfil: vendedor
2023-05-26 12:27:17 - Nombre: Corey
Apellido: Gorgen
Legajo: 1
Correo: cgorgen@vendedor.com
Clave: 123abc45
Perfil: vendedor
2023-05-26 12:37:29 - Nombre: Corey
Apellido: Gorgen
Legajo: 1
Correo: cgorgen@vendedor.com
Clave: 123abc45
Perfil: vendedor
2023-05-26 12:39:33 - Nombre: Corey
Apellido: Gorgen
Legajo: 1
Correo: cgorgen@vendedor.com
Clave: 123abc45
Perfil: vendedor
2023-05-26 12:41:26 - Nombre: Michael
Apellido: Jordan
Legajo: 5
Correo: admin@admin.com
Clave: 12345678
Perfil: administrador
2023-05-26 12:42:30 - Nombre: Corey
Apellido: Gorgen
Legajo: 1
Correo: cgorgen@vendedor.com
Clave: 123abc45
Perfil: vendedor
2023-05-26 12:44:43 - Nombre: Michael
Apellido: Jordan
Legajo: 5
Correo: admin@admin.com
Clave: 12345678
Perfil: administrador
2023-05-26 12:47:37 - Nombre: Michael
Apellido: Jordan
Legajo: 5
Correo: admin@admin.com
Clave: 12345678
Perfil: administrador
2023-05-26 12:48:00 - Nombre: Michael
Apellido: Jordan
Legajo: 5
Correo: admin@admin.com
Clave: 12345678
Perfil: administrador
2023-05-26 12:49:22 - Nombre: Michael
Apellido: Jordan
Legajo: 5
Correo: admin@admin.com
Clave: 12345678
Perfil: administrador
2023-05-26 12:50:55 - Nombre: Michael
Apellido: Jordan
Legajo: 5
Correo: admin@admin.com
Clave: 12345678
Perfil: administrador
2023-05-26 12:52:37 - Nombre: Corey
Apellido: Gorgen
Legajo: 1
Correo: cgorgen@vendedor.com
Clave: 123abc45
Perfil: vendedor
2023-05-26 01:01:32 - Nombre: Michael
Apellido: Jordan
Legajo: 5
Correo: admin@admin.com
Clave: 12345678
Perfil: administrador
2023-05-26 01:02:18 - Nombre: Corey
Apellido: Gorgen
Legajo: 1
Correo: cgorgen@vendedor.com
Clave: 123abc45
Perfil: vendedor
2023-05-26 01:05:36 - Nombre: Corey
Apellido: Gorgen
Legajo: 1
Correo: cgorgen@vendedor.com
Clave: 123abc45
Perfil: vendedor
2023-05-26 01:06:07 - Nombre: Michael
Apellido: Jordan
Legajo: 5
Correo: admin@admin.com
Clave: 12345678
Perfil: administrador
2023-05-26 01:06:50 - Nombre: Michael
Apellido: Jordan
Legajo: 5
Correo: admin@admin.com
Clave: 12345678
Perfil: administrador
2023-05-26 01:07:09 - Nombre: Corey
Apellido: Gorgen
Legajo: 1
Correo: cgorgen@vendedor.com
Clave: 123abc45
Perfil: vendedor
2023-05-26 01:11:28 - Nombre: Michael
Apellido: Jordan
Legajo: 5
Correo: admin@admin.com
Clave: 12345678
Perfil: administrador
2023-05-26 01:12:10 - Nombre: Corey
Apellido: Gorgen
Legajo: 1
Correo: cgorgen@vendedor.com
Clave: 123abc45
Perfil: vendedor
2023-05-26 01:15:34 - Nombre: Corey
Apellido: Gorgen
Legajo: 1
Correo: cgorgen@vendedor.com
Clave: 123abc45
Perfil: vendedor
2023-05-26 01:18:18 - Nombre: Corey
Apellido: Gorgen
Legajo: 1
Correo: cgorgen@vendedor.com
Clave: 123abc45
Perfil: vendedor
2023-05-26 01:20:23 - Nombre: Corey
Apellido: Gorgen
Legajo: 1
Correo: cgorgen@vendedor.com
Clave: 123abc45
Perfil: vendedor
2023-05-26 01:38:22 - Nombre: Corey
Apellido: Gorgen
Legajo: 1
Correo: cgorgen@vendedor.com
Clave: 123abc45
Perfil: vendedor
2023-05-26 01:45:10 - Nombre: Ingrid
Apellido: Harroll
Legajo: 2
Correo: iharroll@vendedor.com
Clave: qweasdzx
Perfil: vendedor
2023-05-26 01:46:30 - Nombre: Ingrid
Apellido: Harroll
Legajo: 2
Correo: iharroll@vendedor.com
Clave: qweasdzx
Perfil: vendedor
2023-05-26 01:47:31 - Nombre: Ingrid
Apellido: Harroll
Legajo: 2
Correo: iharroll@vendedor.com
Clave: qweasdzx
Perfil: vendedor
2023-05-26 02:00:24 - Nombre: Ingrid
Apellido: Harroll
Legajo: 2
Correo: iharroll@vendedor.com
Clave: qweasdzx
Perfil: vendedor
2023-05-26 02:01:29 - Nombre: Ingrid
Apellido: Harroll
Legajo: 2
Correo: iharroll@vendedor.com
Clave: qweasdzx
Perfil: vendedor
2023-05-26 02:04:03 - Nombre: Ingrid
Apellido: Harroll
Legajo: 2
Correo: iharroll@vendedor.com
Clave: qweasdzx
Perfil: vendedor
2023-05-26 02:14:30 - Nombre: Corey
Apellido: Gorgen
Legajo: 1
Correo: cgorgen@vendedor.com
Clave: 123abc45
Perfil: vendedor
2023-05-26 02:15:59 - Nombre: Corey
Apellido: Gorgen
Legajo: 1
Correo: cgorgen@vendedor.com
Clave: 123abc45
Perfil: vendedor
2023-05-26 02:20:35 - Nombre: Corey
Apellido: Gorgen
Legajo: 1
Correo: cgorgen@vendedor.com
Clave: 123abc45
Perfil: vendedor
2023-05-26 02:22:54 - Nombre: Corey
Apellido: Gorgen
Legajo: 1
Correo: cgorgen@vendedor.com
Clave: 123abc45
Perfil: vendedor
2023-05-26 02:27:36 - Nombre: Corey
Apellido: Gorgen
Legajo: 1
Correo: cgorgen@vendedor.com
Clave: 123abc45
Perfil: vendedor
2023-05-26 02:29:31 - Nombre: Corey
Apellido: Gorgen
Legajo: 1
Correo: cgorgen@vendedor.com
Clave: 123abc45
Perfil: vendedor
2023-05-26 02:30:48 - Nombre: Corey
Apellido: Gorgen
Legajo: 1
Correo: cgorgen@vendedor.com
Clave: 123abc45
Perfil: vendedor
2023-05-26 02:35:28 - Nombre: Corey
Apellido: Gorgen
Legajo: 1
Correo: cgorgen@vendedor.com
Clave: 123abc45
Perfil: vendedor
2023-05-26 02:36:11 - Nombre: Corey
Apellido: Gorgen
Legajo: 1
Correo: cgorgen@vendedor.com
Clave: 123abc45
Perfil: vendedor
2023-05-26 02:37:53 - Nombre: Corey
Apellido: Gorgen
Legajo: 1
Correo: cgorgen@vendedor.com
Clave: 123abc45
Perfil: vendedor
2023-05-26 02:39:51 - Nombre: Corey
Apellido: Gorgen
Legajo: 1
Correo: cgorgen@vendedor.com
Clave: 123abc45
Perfil: vendedor
2023-05-26 02:41:56 - Nombre: Corey
Apellido: Gorgen
Legajo: 1
Correo: cgorgen@vendedor.com
Clave: 123abc45
Perfil: vendedor
2023-05-26 02:44:26 - Nombre: Corey
Apellido: Gorgen
Legajo: 1
Correo: cgorgen@vendedor.com
Clave: 123abc45
Perfil: vendedor
2023-05-26 02:45:19 - Nombre: Corey
Apellido: Gorgen
Legajo: 1
Correo: cgorgen@vendedor.com
Clave: 123abc45
Perfil: vendedor
2023-05-26 02:48:22 - Nombre: Corey
Apellido: Gorgen
Legajo: 1
Correo: cgorgen@vendedor.com
Clave: 123abc45
Perfil: vendedor
2023-05-26 02:53:30 - Nombre: Corey
Apellido: Gorgen
Legajo: 1
Correo: cgorgen@vendedor.com
Clave: 123abc45
Perfil: vendedor
2023-05-26 03:04:29 - Nombre: Corey
Apellido: Gorgen
Legajo: 1
Correo: cgorgen@vendedor.com
Clave: 123abc45
Perfil: vendedor
2023-05-26 03:05:06 - Nombre: Corey
Apellido: Gorgen
Legajo: 1
Correo: cgorgen@vendedor.com
Clave: 123abc45
Perfil: vendedor
2023-05-26 03:07:45 - Nombre: Corey
Apellido: Gorgen
Legajo: 1
Correo: cgorgen@vendedor.com
Clave: 123abc45
Perfil: vendedor
2023-05-26 04:42:12 - Nombre: Michael
Apellido: Jordan
Legajo: 5
Correo: admin@admin.com
Clave: 12345678
Perfil: administrador
2023-05-26 04:48:14 - Nombre: Michael
Apellido: Jordan
Legajo: 5
Correo: admin@admin.com
Clave: 12345678
Perfil: administrador
2023-05-26 05:11:36 - Nombre: Michael
Apellido: Jordan
Legajo: 5
Correo: admin@admin.com
Clave: 12345678
Perfil: administrador
